The system is: Linux - 5.6.6-arch1-1 - x86_64
Compiling the C compiler identification source file "CMakeCCompilerId.c" succeeded.
Compiler: /usr/bin/clang 
Build flags: 
Id flags:  

The output was:
0


Compilation of the C compiler identification source "CMakeCCompilerId.c" produced "a.out"

The C compiler identification is Clang, found in "/home/andrew/Documents/personal/A_lang/build/CMakeFiles/3.17.1/CompilerIdC/a.out"

Determining if the C compiler works passed with the following output:
Change Dir: /home/andrew/Documents/personal/A_lang/build/CMakeFiles/CMakeTmp

Run Build Command(s):/usr/bin/make cmTC_71037/fast && /usr/bin/make  -f CMakeFiles/cmTC_71037.dir/build.make CMakeFiles/cmTC_71037.dir/build
make[1]: Entering directory '/home/andrew/Documents/personal/A_lang/build/CMakeFiles/CMakeTmp'
Building C object CMakeFiles/cmTC_71037.dir/testCCompiler.c.o
/usr/bin/clang    -o CMakeFiles/cmTC_71037.dir/testCCompiler.c.o   -c /home/andrew/Documents/personal/A_lang/build/CMakeFiles/CMakeTmp/testCCompiler.c
Linking C executable cmTC_71037
/usr/bin/cmake -E cmake_link_script CMakeFiles/cmTC_71037.dir/link.txt --verbose=1
/usr/bin/clang      CMakeFiles/cmTC_71037.dir/testCCompiler.c.o  -o cmTC_71037 
make[1]: Leaving directory '/home/andrew/Documents/personal/A_lang/build/CMakeFiles/CMakeTmp'



Detecting C compiler ABI info compiled with the following output:
Change Dir: /home/andrew/Documents/personal/A_lang/build/CMakeFiles/CMakeTmp

Run Build Command(s):/usr/bin/make cmTC_6f1e4/fast && /usr/bin/make  -f CMakeFiles/cmTC_6f1e4.dir/build.make CMakeFiles/cmTC_6f1e4.dir/build
make[1]: Entering directory '/home/andrew/Documents/personal/A_lang/build/CMakeFiles/CMakeTmp'
Building C object CMakeFiles/cmTC_6f1e4.dir/CMakeCCompilerABI.c.o
/usr/bin/clang   -v -o CMakeFiles/cmTC_6f1e4.dir/CMakeCCompilerABI.c.o   -c /usr/share/cmake-3.17/Modules/CMakeCCompilerABI.c
clang version 10.0.0 
Target: x86_64-pc-linux-gnu
Thread model: posix
InstalledDir: /usr/bin
Found candidate GCC installation: /usr/bin/../lib/gcc/x86_64-pc-linux-gnu/8.4.0
Found candidate GCC installation: /usr/bin/../lib/gcc/x86_64-pc-linux-gnu/9.3.0
Found candidate GCC installation: /usr/bin/../lib64/gcc/x86_64-pc-linux-gnu/8.4.0
Found candidate GCC installation: /usr/bin/../lib64/gcc/x86_64-pc-linux-gnu/9.3.0
Found candidate GCC installation: /usr/lib/gcc/x86_64-pc-linux-gnu/8.4.0
Found candidate GCC installation: /usr/lib/gcc/x86_64-pc-linux-gnu/9.3.0
Found candidate GCC installation: /usr/lib64/gcc/x86_64-pc-linux-gnu/8.4.0
Found candidate GCC installation: /usr/lib64/gcc/x86_64-pc-linux-gnu/9.3.0
Selected GCC installation: /usr/bin/../lib64/gcc/x86_64-pc-linux-gnu/9.3.0
Candidate multilib: .;@m64
Candidate multilib: 32;@m32
Selected multilib: .;@m64
Found CUDA installation: /opt/cuda, version 10.1
 (in-process)
 "/usr/bin/clang-10" -cc1 -triple x86_64-pc-linux-gnu -emit-obj -mrelax-all -disable-free -disable-llvm-verifier -discard-value-names -main-file-name CMakeCCompilerABI.c -mrelocation-model pic -pic-level 2 -pic-is-pie -mthread-model posix -mframe-pointer=all -fmath-errno -fno-rounding-math -masm-verbose -mconstructor-aliases -munwind-tables -target-cpu x86-64 -dwarf-column-info -fno-split-dwarf-inlining -debugger-tuning=gdb -v -resource-dir /usr/lib/clang/10.0.0 -internal-isystem /usr/local/include -internal-isystem /usr/lib/clang/10.0.0/include -internal-externc-isystem /include -internal-externc-isystem /usr/include -fdebug-compilation-dir /home/andrew/Documents/personal/A_lang/build/CMakeFiles/CMakeTmp -ferror-limit 19 -fmessage-length 0 -stack-protector 2 -fgnuc-version=4.2.1 -fobjc-runtime=gcc -fdiagnostics-show-option -faddrsig -o CMakeFiles/cmTC_6f1e4.dir/CMakeCCompilerABI.c.o -x c /usr/share/cmake-3.17/Modules/CMakeCCompilerABI.c
clang -cc1 version 10.0.0 based upon LLVM 10.0.0 default target x86_64-pc-linux-gnu
ignoring nonexistent directory "/include"
#include "..." search starts here:
#include <...> search starts here:
 /usr/local/include
 /usr/lib/clang/10.0.0/include
 /usr/include
End of search list.
Linking C executable cmTC_6f1e4
/usr/bin/cmake -E cmake_link_script CMakeFiles/cmTC_6f1e4.dir/link.txt --verbose=1
/usr/bin/clang     -v CMakeFiles/cmTC_6f1e4.dir/CMakeCCompilerABI.c.o  -o cmTC_6f1e4 
clang version 10.0.0 
Target: x86_64-pc-linux-gnu
Thread model: posix
InstalledDir: /usr/bin
Found candidate GCC installation: /usr/bin/../lib/gcc/x86_64-pc-linux-gnu/8.4.0
Found candidate GCC installation: /usr/bin/../lib/gcc/x86_64-pc-linux-gnu/9.3.0
Found candidate GCC installation: /usr/bin/../lib64/gcc/x86_64-pc-linux-gnu/8.4.0
Found candidate GCC installation: /usr/bin/../lib64/gcc/x86_64-pc-linux-gnu/9.3.0
Found candidate GCC installation: /usr/lib/gcc/x86_64-pc-linux-gnu/8.4.0
Found candidate GCC installation: /usr/lib/gcc/x86_64-pc-linux-gnu/9.3.0
Found candidate GCC installation: /usr/lib64/gcc/x86_64-pc-linux-gnu/8.4.0
Found candidate GCC installation: /usr/lib64/gcc/x86_64-pc-linux-gnu/9.3.0
Selected GCC installation: /usr/bin/../lib64/gcc/x86_64-pc-linux-gnu/9.3.0
Candidate multilib: .;@m64
Candidate multilib: 32;@m32
Selected multilib: .;@m64
Found CUDA installation: /opt/cuda, version 10.1
 "/usr/bin/ld" -pie --eh-frame-hdr -m elf_x86_64 -dynamic-linker /lib64/ld-linux-x86-64.so.2 -o cmTC_6f1e4 /usr/bin/../lib64/gcc/x86_64-pc-linux-gnu/9.3.0/../../../../lib64/Scrt1.o /usr/bin/../lib64/gcc/x86_64-pc-linux-gnu/9.3.0/../../../../lib64/crti.o /usr/bin/../lib64/gcc/x86_64-pc-linux-gnu/9.3.0/crtbeginS.o -L/usr/bin/../lib64/gcc/x86_64-pc-linux-gnu/9.3.0 -L/usr/bin/../lib64/gcc/x86_64-pc-linux-gnu/9.3.0/../../../../lib64 -L/usr/bin/../lib64 -L/lib/../lib64 -L/usr/lib/../lib64 -L/usr/bin/../lib64/gcc/x86_64-pc-linux-gnu/9.3.0/../../.. -L/usr/bin/../lib -L/lib -L/usr/lib CMakeFiles/cmTC_6f1e4.dir/CMakeCCompilerABI.c.o -lgcc --as-needed -lgcc_s --no-as-needed -lc -lgcc --as-needed -lgcc_s --no-as-needed /usr/bin/../lib64/gcc/x86_64-pc-linux-gnu/9.3.0/crtendS.o /usr/bin/../lib64/gcc/x86_64-pc-linux-gnu/9.3.0/../../../../lib64/crtn.o
make[1]: Leaving directory '/home/andrew/Documents/personal/A_lang/build/CMakeFiles/CMakeTmp'



Parsed C implicit include dir info from above output: rv=done
  found start of include info
  found start of implicit include info
    add: [/usr/local/include]
    add: [/usr/lib/clang/10.0.0/include]
    add: [/usr/include]
  end of search list found
  collapse include dir [/usr/local/include] ==> [/usr/local/include]
  collapse include dir [/usr/lib/clang/10.0.0/include] ==> [/usr/lib/clang/10.0.0/include]
  collapse include dir [/usr/include] ==> [/usr/include]
  implicit include dirs: [/usr/local/include;/usr/lib/clang/10.0.0/include;/usr/include]


Parsed C implicit link information from above output:
  link line regex: [^( *|.*[/\])(ld|CMAKE_LINK_STARTFILE-NOTFOUND|([^/\]+-)?ld|collect2)[^/\]*( |$)]
  ignore line: [Change Dir: /home/andrew/Documents/personal/A_lang/build/CMakeFiles/CMakeTmp]
  ignore line: []
  ignore line: [Run Build Command(s):/usr/bin/make cmTC_6f1e4/fast && /usr/bin/make  -f CMakeFiles/cmTC_6f1e4.dir/build.make CMakeFiles/cmTC_6f1e4.dir/build]
  ignore line: [make[1]: Entering directory '/home/andrew/Documents/personal/A_lang/build/CMakeFiles/CMakeTmp']
  ignore line: [Building C object CMakeFiles/cmTC_6f1e4.dir/CMakeCCompilerABI.c.o]
  ignore line: [/usr/bin/clang   -v -o CMakeFiles/cmTC_6f1e4.dir/CMakeCCompilerABI.c.o   -c /usr/share/cmake-3.17/Modules/CMakeCCompilerABI.c]
  ignore line: [clang version 10.0.0 ]
  ignore line: [Target: x86_64-pc-linux-gnu]
  ignore line: [Thread model: posix]
  ignore line: [InstalledDir: /usr/bin]
  ignore line: [Found candidate GCC installation: /usr/bin/../lib/gcc/x86_64-pc-linux-gnu/8.4.0]
  ignore line: [Found candidate GCC installation: /usr/bin/../lib/gcc/x86_64-pc-linux-gnu/9.3.0]
  ignore line: [Found candidate GCC installation: /usr/bin/../lib64/gcc/x86_64-pc-linux-gnu/8.4.0]
  ignore line: [Found candidate GCC installation: /usr/bin/../lib64/gcc/x86_64-pc-linux-gnu/9.3.0]
  ignore line: [Found candidate GCC installation: /usr/lib/gcc/x86_64-pc-linux-gnu/8.4.0]
  ignore line: [Found candidate GCC installation: /usr/lib/gcc/x86_64-pc-linux-gnu/9.3.0]
  ignore line: [Found candidate GCC installation: /usr/lib64/gcc/x86_64-pc-linux-gnu/8.4.0]
  ignore line: [Found candidate GCC installation: /usr/lib64/gcc/x86_64-pc-linux-gnu/9.3.0]
  ignore line: [Selected GCC installation: /usr/bin/../lib64/gcc/x86_64-pc-linux-gnu/9.3.0]
  ignore line: [Candidate multilib: .]
  ignore line: [@m64]
  ignore line: [Candidate multilib: 32]
  ignore line: [@m32]
  ignore line: [Selected multilib: .]
  ignore line: [@m64]
  ignore line: [Found CUDA installation: /opt/cuda  version 10.1]
  ignore line: [ (in-process)]
  ignore line: [ "/usr/bin/clang-10" -cc1 -triple x86_64-pc-linux-gnu -emit-obj -mrelax-all -disable-free -disable-llvm-verifier -discard-value-names -main-file-name CMakeCCompilerABI.c -mrelocation-model pic -pic-level 2 -pic-is-pie -mthread-model posix -mframe-pointer=all -fmath-errno -fno-rounding-math -masm-verbose -mconstructor-aliases -munwind-tables -target-cpu x86-64 -dwarf-column-info -fno-split-dwarf-inlining -debugger-tuning=gdb -v -resource-dir /usr/lib/clang/10.0.0 -internal-isystem /usr/local/include -internal-isystem /usr/lib/clang/10.0.0/include -internal-externc-isystem /include -internal-externc-isystem /usr/include -fdebug-compilation-dir /home/andrew/Documents/personal/A_lang/build/CMakeFiles/CMakeTmp -ferror-limit 19 -fmessage-length 0 -stack-protector 2 -fgnuc-version=4.2.1 -fobjc-runtime=gcc -fdiagnostics-show-option -faddrsig -o CMakeFiles/cmTC_6f1e4.dir/CMakeCCompilerABI.c.o -x c /usr/share/cmake-3.17/Modules/CMakeCCompilerABI.c]
  ignore line: [clang -cc1 version 10.0.0 based upon LLVM 10.0.0 default target x86_64-pc-linux-gnu]
  ignore line: [ignoring nonexistent directory "/include"]
  ignore line: [#include "..." search starts here:]
  ignore line: [#include <...> search starts here:]
  ignore line: [ /usr/local/include]
  ignore line: [ /usr/lib/clang/10.0.0/include]
  ignore line: [ /usr/include]
  ignore line: [End of search list.]
  ignore line: [Linking C executable cmTC_6f1e4]
  ignore line: [/usr/bin/cmake -E cmake_link_script CMakeFiles/cmTC_6f1e4.dir/link.txt --verbose=1]
  ignore line: [/usr/bin/clang     -v CMakeFiles/cmTC_6f1e4.dir/CMakeCCompilerABI.c.o  -o cmTC_6f1e4 ]
  ignore line: [clang version 10.0.0 ]
  ignore line: [Target: x86_64-pc-linux-gnu]
  ignore line: [Thread model: posix]
  ignore line: [InstalledDir: /usr/bin]
  ignore line: [Found candidate GCC installation: /usr/bin/../lib/gcc/x86_64-pc-linux-gnu/8.4.0]
  ignore line: [Found candidate GCC installation: /usr/bin/../lib/gcc/x86_64-pc-linux-gnu/9.3.0]
  ignore line: [Found candidate GCC installation: /usr/bin/../lib64/gcc/x86_64-pc-linux-gnu/8.4.0]
  ignore line: [Found candidate GCC installation: /usr/bin/../lib64/gcc/x86_64-pc-linux-gnu/9.3.0]
  ignore line: [Found candidate GCC installation: /usr/lib/gcc/x86_64-pc-linux-gnu/8.4.0]
  ignore line: [Found candidate GCC installation: /usr/lib/gcc/x86_64-pc-linux-gnu/9.3.0]
  ignore line: [Found candidate GCC installation: /usr/lib64/gcc/x86_64-pc-linux-gnu/8.4.0]
  ignore line: [Found candidate GCC installation: /usr/lib64/gcc/x86_64-pc-linux-gnu/9.3.0]
  ignore line: [Selected GCC installation: /usr/bin/../lib64/gcc/x86_64-pc-linux-gnu/9.3.0]
  ignore line: [Candidate multilib: .]
  ignore line: [@m64]
  ignore line: [Candidate multilib: 32]
  ignore line: [@m32]
  ignore line: [Selected multilib: .]
  ignore line: [@m64]
  ignore line: [Found CUDA installation: /opt/cuda  version 10.1]
  link line: [ "/usr/bin/ld" -pie --eh-frame-hdr -m elf_x86_64 -dynamic-linker /lib64/ld-linux-x86-64.so.2 -o cmTC_6f1e4 /usr/bin/../lib64/gcc/x86_64-pc-linux-gnu/9.3.0/../../../../lib64/Scrt1.o /usr/bin/../lib64/gcc/x86_64-pc-linux-gnu/9.3.0/../../../../lib64/crti.o /usr/bin/../lib64/gcc/x86_64-pc-linux-gnu/9.3.0/crtbeginS.o -L/usr/bin/../lib64/gcc/x86_64-pc-linux-gnu/9.3.0 -L/usr/bin/../lib64/gcc/x86_64-pc-linux-gnu/9.3.0/../../../../lib64 -L/usr/bin/../lib64 -L/lib/../lib64 -L/usr/lib/../lib64 -L/usr/bin/../lib64/gcc/x86_64-pc-linux-gnu/9.3.0/../../.. -L/usr/bin/../lib -L/lib -L/usr/lib CMakeFiles/cmTC_6f1e4.dir/CMakeCCompilerABI.c.o -lgcc --as-needed -lgcc_s --no-as-needed -lc -lgcc --as-needed -lgcc_s --no-as-needed /usr/bin/../lib64/gcc/x86_64-pc-linux-gnu/9.3.0/crtendS.o /usr/bin/../lib64/gcc/x86_64-pc-linux-gnu/9.3.0/../../../../lib64/crtn.o]
    arg [/usr/bin/ld] ==> ignore
    arg [-pie] ==> ignore
    arg [--eh-frame-hdr] ==> ignore
    arg [-m] ==> ignore
    arg [elf_x86_64] ==> ignore
    arg [-dynamic-linker] ==> ignore
    arg [/lib64/ld-linux-x86-64.so.2] ==> ignore
    arg [-o] ==> ignore
    arg [cmTC_6f1e4] ==> ignore
    arg [/usr/bin/../lib64/gcc/x86_64-pc-linux-gnu/9.3.0/../../../../lib64/Scrt1.o] ==> ignore
    arg [/usr/bin/../lib64/gcc/x86_64-pc-linux-gnu/9.3.0/../../../../lib64/crti.o] ==> ignore
    arg [/usr/bin/../lib64/gcc/x86_64-pc-linux-gnu/9.3.0/crtbeginS.o] ==> ignore
    arg [-L/usr/bin/../lib64/gcc/x86_64-pc-linux-gnu/9.3.0] ==> dir [/usr/bin/../lib64/gcc/x86_64-pc-linux-gnu/9.3.0]
    arg [-L/usr/bin/../lib64/gcc/x86_64-pc-linux-gnu/9.3.0/../../../../lib64] ==> dir [/usr/bin/../lib64/gcc/x86_64-pc-linux-gnu/9.3.0/../../../../lib64]
    arg [-L/usr/bin/../lib64] ==> dir [/usr/bin/../lib64]
    arg [-L/lib/../lib64] ==> dir [/lib/../lib64]
    arg [-L/usr/lib/../lib64] ==> dir [/usr/lib/../lib64]
    arg [-L/usr/bin/../lib64/gcc/x86_64-pc-linux-gnu/9.3.0/../../..] ==> dir [/usr/bin/../lib64/gcc/x86_64-pc-linux-gnu/9.3.0/../../..]
    arg [-L/usr/bin/../lib] ==> dir [/usr/bin/../lib]
    arg [-L/lib] ==> dir [/lib]
    arg [-L/usr/lib] ==> dir [/usr/lib]
    arg [CMakeFiles/cmTC_6f1e4.dir/CMakeCCompilerABI.c.o] ==> ignore
    arg [-lgcc] ==> lib [gcc]
    arg [--as-needed] ==> ignore
    arg [-lgcc_s] ==> lib [gcc_s]
    arg [--no-as-needed] ==> ignore
    arg [-lc] ==> lib [c]
    arg [-lgcc] ==> lib [gcc]
    arg [--as-needed] ==> ignore
    arg [-lgcc_s] ==> lib [gcc_s]
    arg [--no-as-needed] ==> ignore
    arg [/usr/bin/../lib64/gcc/x86_64-pc-linux-gnu/9.3.0/crtendS.o] ==> ignore
    arg [/usr/bin/../lib64/gcc/x86_64-pc-linux-gnu/9.3.0/../../../../lib64/crtn.o] ==> ignore
  collapse library dir [/usr/bin/../lib64/gcc/x86_64-pc-linux-gnu/9.3.0] ==> [/usr/lib64/gcc/x86_64-pc-linux-gnu/9.3.0]
  collapse library dir [/usr/bin/../lib64/gcc/x86_64-pc-linux-gnu/9.3.0/../../../../lib64] ==> [/usr/lib64]
  collapse library dir [/usr/bin/../lib64] ==> [/usr/lib64]
  collapse library dir [/lib/../lib64] ==> [/lib64]
  collapse library dir [/usr/lib/../lib64] ==> [/usr/lib64]
  collapse library dir [/usr/bin/../lib64/gcc/x86_64-pc-linux-gnu/9.3.0/../../..] ==> [/usr/lib64]
  collapse library dir [/usr/bin/../lib] ==> [/usr/lib]
  collapse library dir [/lib] ==> [/lib]
  collapse library dir [/usr/lib] ==> [/usr/lib]
  implicit libs: [gcc;gcc_s;c;gcc;gcc_s]
  implicit dirs: [/usr/lib64/gcc/x86_64-pc-linux-gnu/9.3.0;/usr/lib64;/lib64;/usr/lib;/lib]
  implicit fwks: []


